e:\dokumenty\ath\visual\repos\myrepo\grafika_l01\zajecia_9\zad1\zad1\debug\vc141.pdb
e:\dokumenty\ath\visual\repos\myrepo\grafika_l01\zajecia_9\zad1\zad1\debug\vc141.idb
e:\dokumenty\ath\visual\repos\myrepo\grafika_l01\zajecia_9\zad1\zad1\debug\targa.obj
e:\dokumenty\ath\visual\repos\myrepo\grafika_l01\zajecia_9\zad1\zad1\debug\main.obj
e:\dokumenty\ath\visual\repos\myrepo\grafika_l01\zajecia_9\zad1\debug\zad1.exe
e:\dokumenty\ath\visual\repos\myrepo\grafika_l01\zajecia_9\zad1\debug\zad1.ilk
e:\dokumenty\ath\visual\repos\myrepo\grafika_l01\zajecia_9\zad1\debug\zad1.pdb
c:\users\jaroszbartosz\desktop\gk\zad1\zad1\debug\main.obj
c:\users\jaroszbartosz\desktop\gk\zad1\zad1\debug\targa.obj
c:\users\jaroszbartosz\desktop\gk\zad1\zad1\debug\vc141.idb
c:\users\jaroszbartosz\desktop\gk\zad1\zad1\debug\vc141.pdb
c:\users\jaroszbartosz\desktop\gk\zad1\debug\zad1.pdb
c:\users\jaroszbartosz\desktop\gk\zad1\debug\zad1.exe
c:\users\jaroszbartosz\desktop\gk\zad1\debug\zad1.ilk
c:\users\jaroszbartosz\desktop\gk\zad1\zad1\debug\zad1.tlog\cl.command.1.tlog
c:\users\jaroszbartosz\desktop\gk\zad1\zad1\debug\zad1.tlog\cl.read.1.tlog
c:\users\jaroszbartosz\desktop\gk\zad1\zad1\debug\zad1.tlog\cl.write.1.tlog
c:\users\jaroszbartosz\desktop\gk\zad1\zad1\debug\zad1.tlog\link.command.1.tlog
c:\users\jaroszbartosz\desktop\gk\zad1\zad1\debug\zad1.tlog\link.read.1.tlog
c:\users\jaroszbartosz\desktop\gk\zad1\zad1\debug\zad1.tlog\link.write.1.tlog
